<?xml version="1.0" encoding="UTF-8"?>
<testsuite xmlns:xsi="http://www.w3.org/2001/XMLSchema-instance" xsi:noNamespaceSchemaLocation="https://maven.apache.org/surefire/maven-surefire-plugin/xsd/surefire-test-report-3.0.xsd" version="3.0" name="com.tasks.taskmangement.TaskmangementApplicationTests" time="19.652" tests="1" errors="0" skipped="0" failures="0">
  <properties>
[...]
</properties>
  <testcase name="contextLoads" classname="com.tasks.taskmangement.TaskmangementApplicationTests" time="1.593">
    <system-out><![CDATA[20:04:41.903 [main] INFO org.springframework.test.context.support.AnnotationConfigContextLoaderUtils -- Could not detect default configuration classes for test class [com.tasks.taskmangement.TaskmangementApplicationTests]: TaskmangementApplicationTests does not declare any static, non-private, non-final, nested classes annotated with @Configuration.
20:04:42.180 [main] INFO org.springframework.boot.test.context.SpringBootTestContextBootstrapper -- Found @SpringBootConfiguration com.tasks.taskmangement.TaskmangementApplication for test class com.tasks.taskmangement.TaskmangementApplicationTests
20:04:42.681 [main] INFO org.springframework.boot.devtools.restart.RestartApplicationListener -- Restart disabled due to context in which it is running

  .   ____          _            __ _ _
 /\\ / ___'_ __ _ _(_)_ __  __ _ \ \ \ \
( ( )\___ | '_ | '_| | '_ \/ _` | \ \ \ \
 \\/  ___)| |_)| | | | | || (_| |  ) ) ) )
  '  |____| .__|_| |_|_| |_\__, | / / / /
 =========|_|==============|___/=/_/_/_/
 :: Spring Boot ::                (v3.2.8)

2025-06-21T20:04:43.617+01:00  INFO 14768 --- [taskmangement] [           main] c.t.t.TaskmangementApplicationTests      : Starting TaskmangementApplicationTests using Java 17.0.12 with PID 14768 (started by user in C:\Users\user\Desktop\Tasks-management\backend)
2025-06-21T20:04:43.619+01:00  INFO 14768 --- [taskmangement] [           main] c.t.t.TaskmangementApplicationTests      : No active profile set, falling back to 1 default profile: "default"
2025-06-21T20:04:46.723+01:00  INFO 14768 --- [taskmangement] [           main] .s.d.r.c.RepositoryConfigurationDelegate : Bootstrapping Spring Data JPA repositories in DEFAULT mode.
2025-06-21T20:04:46.933+01:00  INFO 14768 --- [taskmangement] [           main] .s.d.r.c.RepositoryConfigurationDelegate : Finished Spring Data repository scanning in 157 ms. Found 2 JPA repository interfaces.
2025-06-21T20:04:48.911+01:00  INFO 14768 --- [taskmangement] [           main] o.hibernate.jpa.internal.util.LogHelper  : HHH000204: Processing PersistenceUnitInfo [name: default]
2025-06-21T20:04:49.161+01:00  INFO 14768 --- [taskmangement] [           main] org.hibernate.Version                    : HHH000412: Hibernate ORM core version 6.4.9.Final
2025-06-21T20:04:49.371+01:00  INFO 14768 --- [taskmangement] [           main] o.h.c.internal.RegionFactoryInitiator    : HHH000026: Second-level cache disabled
2025-06-21T20:04:50.333+01:00  INFO 14768 --- [taskmangement] [           main] o.s.o.j.p.SpringPersistenceUnitInfo      : No LoadTimeWeaver setup: ignoring JPA class transformer
2025-06-21T20:04:50.436+01:00  INFO 14768 --- [taskmangement] [           main] com.zaxxer.hikari.HikariDataSource       : HikariPool-1 - Starting...
2025-06-21T20:04:50.946+01:00  INFO 14768 --- [taskmangement] [           main] com.zaxxer.hikari.pool.HikariPool        : HikariPool-1 - Added connection com.mysql.cj.jdbc.ConnectionImpl@4db46344
2025-06-21T20:04:50.951+01:00  INFO 14768 --- [taskmangement] [           main] com.zaxxer.hikari.HikariDataSource       : HikariPool-1 - Start completed.
2025-06-21T20:04:51.111+01:00  WARN 14768 --- [taskmangement] [           main] org.hibernate.dialect.Dialect            : HHH000511: The 5.5.0 version for [org.hibernate.dialect.MySQLDialect] is no longer supported, hence certain features may not work properly. The minimum supported version is 8.0.0. Check the community dialects project for available legacy versions.
2025-06-21T20:04:53.695+01:00  INFO 14768 --- [taskmangement] [           main] o.h.e.t.j.p.i.JtaPlatformInitiator       : HHH000489: No JTA platform available (set 'hibernate.transaction.jta.platform' to enable JTA platform integration)
2025-06-21T20:04:53.870+01:00  INFO 14768 --- [taskmangement] [           main] j.LocalContainerEntityManagerFactoryBean : Initialized JPA EntityManagerFactory for persistence unit 'default'
2025-06-21T20:04:55.273+01:00  WARN 14768 --- [taskmangement] [           main] JpaBaseConfiguration$JpaWebConfiguration : spring.jpa.open-in-view is enabled by default. Therefore, database queries may be performed during view rendering. Explicitly configure spring.jpa.open-in-view to disable this warning
2025-06-21T20:04:56.989+01:00  INFO 14768 --- [taskmangement] [           main] o.s.b.a.e.web.EndpointLinksResolver      : Exposing 1 endpoint(s) beneath base path '/actuator'
2025-06-21T20:04:57.458+01:00  INFO 14768 --- [taskmangement] [           main] o.s.s.web.DefaultSecurityFilterChain     : Will secure any request with [org.springframework.security.web.session.DisableEncodeUrlFilter@46374b8, org.springframework.security.web.context.request.async.WebAsyncManagerIntegrationFilter@29ceefb3, org.springframework.security.web.context.SecurityContextHolderFilter@144fc5fa, org.springframework.security.web.header.HeaderWriterFilter@35ffe3ac, org.springframework.web.filter.CorsFilter@f14d079, org.springframework.security.web.authentication.logout.LogoutFilter@135f760a, com.tasks.taskmangement.security.JwtFilter@25093079, org.springframework.security.web.savedrequest.RequestCacheAwareFilter@43945480, org.springframework.security.web.servletapi.SecurityContextHolderAwareRequestFilter@41f3f64, org.springframework.security.web.authentication.AnonymousAuthenticationFilter@d0456ad, org.springframework.security.web.session.SessionManagementFilter@7b6e196e, org.springframework.security.web.access.ExceptionTranslationFilter@206a465f, org.springframework.security.web.access.intercept.AuthorizationFilter@7ec01440]
2025-06-21T20:04:59.263+01:00  INFO 14768 --- [taskmangement] [           main] c.t.t.TaskmangementApplicationTests      : Started TaskmangementApplicationTests in 16.616 seconds (process running for 19.522)
]]></system-out>
  </testcase>
</testsuite>